<?xml version="1.0" encoding="UTF-8"?>
<testsuite name="jpabook.jpashop.JpashopApplicationTests" tests="1" skipped="0" failures="0" errors="0" timestamp="2022-07-06T11:05:51" hostname="DESKTOP-L5GT07E" time="0.203">
  <properties/>
  <testcase name="contextLoads()" classname="jpabook.jpashop.JpashopApplicationTests" time="0.203"/>
  <system-out><![CDATA[20:05:43.789 [Test worker] DEBUG org.springframework.test.context.BootstrapUtils - Instantiating CacheAwareContextLoaderDelegate from class [org.springframework.test.context.cache.DefaultCacheAwareContextLoaderDelegate]
20:05:43.814 [Test worker] DEBUG org.springframework.test.context.BootstrapUtils - Instantiating BootstrapContext using constructor [public org.springframework.test.context.support.DefaultBootstrapContext(java.lang.Class,org.springframework.test.context.CacheAwareContextLoaderDelegate)]
20:05:43.873 [Test worker] DEBUG org.springframework.test.context.BootstrapUtils - Instantiating TestContextBootstrapper for test class [jpabook.jpashop.JpashopApplicationTests] from class [org.springframework.boot.test.context.SpringBootTestContextBootstrapper]
20:05:43.895 [Test worker] INFO org.springframework.boot.test.context.SpringBootTestContextBootstrapper - Neither @ContextConfiguration nor @ContextHierarchy found for test class [jpabook.jpashop.JpashopApplicationTests], using SpringBootContextLoader
20:05:43.904 [Test worker] DEBUG org.springframework.test.context.support.AbstractContextLoader - Did not detect default resource location for test class [jpabook.jpashop.JpashopApplicationTests]: class path resource [jpabook/jpashop/JpashopApplicationTests-context.xml] does not exist
20:05:43.905 [Test worker] DEBUG org.springframework.test.context.support.AbstractContextLoader - Did not detect default resource location for test class [jpabook.jpashop.JpashopApplicationTests]: class path resource [jpabook/jpashop/JpashopApplicationTestsContext.groovy] does not exist
20:05:43.905 [Test worker] INFO org.springframework.test.context.support.AbstractContextLoader - Could not detect default resource locations for test class [jpabook.jpashop.JpashopApplicationTests]: no resource found for suffixes {-context.xml, Context.groovy}.
20:05:43.906 [Test worker] INFO org.springframework.test.context.support.AnnotationConfigContextLoaderUtils - Could not detect default configuration classes for test class [jpabook.jpashop.JpashopApplicationTests]: JpashopApplicationTests does not declare any static, non-private, non-final, nested classes annotated with @Configuration.
20:05:43.987 [Test worker] DEBUG org.springframework.test.context.support.ActiveProfilesUtils - Could not find an 'annotation declaring class' for annotation type [org.springframework.test.context.ActiveProfiles] and class [jpabook.jpashop.JpashopApplicationTests]
20:05:44.109 [Test worker] DEBUG org.springframework.context.annotation.ClassPathScanningCandidateComponentProvider - Identified candidate component class: file [C:\Users\82105\Desktop\workspace\inflearn\study-springboot-jpa-1\build\classes\java\main\jpabook\jpashop\JpashopApplication.class]
20:05:44.113 [Test worker] INFO org.springframework.boot.test.context.SpringBootTestContextBootstrapper - Found @SpringBootConfiguration jpabook.jpashop.JpashopApplication for test class jpabook.jpashop.JpashopApplicationTests
20:05:44.308 [Test worker] DEBUG org.springframework.boot.test.context.SpringBootTestContextBootstrapper - @TestExecutionListeners is not present for class [jpabook.jpashop.JpashopApplicationTests]: using defaults.
20:05:44.309 [Test worker] INFO org.springframework.boot.test.context.SpringBootTestContextBootstrapper - Loaded default TestExecutionListener class names from location [META-INF/spring.factories]: [org.springframework.boot.test.autoconfigure.restdocs.RestDocsTestExecutionListener, org.springframework.boot.test.autoconfigure.web.client.MockRestServiceServerResetTestExecutionListener, org.springframework.boot.test.autoconfigure.web.servlet.MockMvcPrintOnlyOnFailureTestExecutionListener, org.springframework.boot.test.autoconfigure.web.servlet.WebDriverTestExecutionListener, org.springframework.boot.test.autoconfigure.webservices.client.MockWebServiceServerTestExecutionListener, org.springframework.boot.test.mock.mockito.MockitoTestExecutionListener, org.springframework.boot.test.mock.mockito.ResetMocksTestExecutionListener, org.springframework.test.context.web.ServletTestExecutionListener, org.springframework.test.context.support.DirtiesContextBeforeModesTestExecutionListener, org.springframework.test.context.event.ApplicationEventsTestExecutionListener, org.springframework.test.context.support.DependencyInjectionTestExecutionListener, org.springframework.test.context.support.DirtiesContextTestExecutionListener, org.springframework.test.context.transaction.TransactionalTestExecutionListener, org.springframework.test.context.jdbc.SqlScriptsTestExecutionListener, org.springframework.test.context.event.EventPublishingTestExecutionListener]
20:05:44.352 [Test worker] INFO org.springframework.boot.test.context.SpringBootTestContextBootstrapper - Using TestExecutionListeners: [org.springframework.test.context.web.ServletTestExecutionListener@58cd06cb, org.springframework.test.context.support.DirtiesContextBeforeModesTestExecutionListener@3be8821f, org.springframework.test.context.event.ApplicationEventsTestExecutionListener@64b31700, org.springframework.boot.test.mock.mockito.MockitoTestExecutionListener@3b65e559, org.springframework.boot.test.autoconfigure.SpringBootDependencyInjectionTestExecutionListener@bae47a0, org.springframework.test.context.support.DirtiesContextTestExecutionListener@74a9c4b0, org.springframework.test.context.transaction.TransactionalTestExecutionListener@85ec632, org.springframework.test.context.jdbc.SqlScriptsTestExecutionListener@1c05a54d, org.springframework.test.context.event.EventPublishingTestExecutionListener@65ef722a, org.springframework.boot.test.autoconfigure.restdocs.RestDocsTestExecutionListener@5fd9b663, org.springframework.boot.test.autoconfigure.web.client.MockRestServiceServerResetTestExecutionListener@214894fc, org.springframework.boot.test.autoconfigure.web.servlet.MockMvcPrintOnlyOnFailureTestExecutionListener@10567255, org.springframework.boot.test.autoconfigure.web.servlet.WebDriverTestExecutionListener@e362c57, org.springframework.boot.test.autoconfigure.webservices.client.MockWebServiceServerTestExecutionListener@1c4ee95c, org.springframework.boot.test.mock.mockito.ResetMocksTestExecutionListener@79c4715d]
20:05:44.359 [Test worker] DEBUG org.springframework.test.context.support.AbstractDirtiesContextTestExecutionListener - Before test class: context [DefaultTestContext@57dc9128 testClass = JpashopApplicationTests, testInstance = [null], testMethod = [null], testException = [null], mergedContextConfiguration = [WebMergedContextConfiguration@24528a25 testClass = JpashopApplicationTests, locations = '{}', classes = '{class jpabook.jpashop.JpashopApplication}', contextInitializerClasses = '[]', activeProfiles = '{}', propertySourceLocations = '{}', propertySourceProperties = '{org.springframework.boot.test.context.SpringBootTestContextBootstrapper=true}', contextCustomizers = set[org.springframework.boot.test.autoconfigure.actuate.metrics.MetricsExportContextCustomizerFactory$DisableMetricExportContextCustomizer@61884cb1, org.springframework.boot.test.autoconfigure.properties.PropertyMappingContextCustomizer@0, org.springframework.boot.test.autoconfigure.web.servlet.WebDriverContextCustomizerFactory$Customizer@285c08c8, org.springframework.boot.test.context.filter.ExcludeFilterContextCustomizer@388ba540, org.springframework.boot.test.json.DuplicateJsonObjectContextCustomizerFactory$DuplicateJsonObjectContextCustomizer@3d484181, org.springframework.boot.test.mock.mockito.MockitoContextCustomizer@0, org.springframework.boot.test.web.client.TestRestTemplateContextCustomizer@650eab8, org.springframework.boot.test.context.SpringBootTestArgs@1, org.springframework.boot.test.context.SpringBootTestWebEnvironment@70e38ce1], resourceBasePath = 'src/main/webapp', contextLoader = 'org.springframework.boot.test.context.SpringBootContextLoader', parent = [null]], attributes = map['org.springframework.test.context.web.ServletTestExecutionListener.activateListener' -> true]], class annotated with @DirtiesContext [false] with mode [null].

  .   ____          _            __ _ _
 /\\ / ___'_ __ _ _(_)_ __  __ _ \ \ \ \
( ( )\___ | '_ | '_| | '_ \/ _` | \ \ \ \
 \\/  ___)| |_)| | | | | || (_| |  ) ) ) )
  '  |____| .__|_| |_|_| |_\__, | / / / /
 =========|_|==============|___/=/_/_/_/
 :: Spring Boot ::                (v2.7.1)

2022-07-06 20:05:45.095  INFO 9140 --- [    Test worker] jpabook.jpashop.JpashopApplicationTests  : Starting JpashopApplicationTests using Java 11.0.15.1 on DESKTOP-L5GT07E with PID 9140 (started by 82105 in C:\Users\82105\Desktop\workspace\inflearn\study-springboot-jpa-1)
2022-07-06 20:05:45.097  INFO 9140 --- [    Test worker] jpabook.jpashop.JpashopApplicationTests  : No active profile set, falling back to 1 default profile: "default"
2022-07-06 20:05:46.404  INFO 9140 --- [    Test worker] .s.d.r.c.RepositoryConfigurationDelegate : Bootstrapping Spring Data JPA repositories in DEFAULT mode.
2022-07-06 20:05:46.432  INFO 9140 --- [    Test worker] .s.d.r.c.RepositoryConfigurationDelegate : Finished Spring Data repository scanning in 14 ms. Found 0 JPA repository interfaces.
2022-07-06 20:05:47.386  INFO 9140 --- [    Test worker] o.hibernate.jpa.internal.util.LogHelper  : HHH000204: Processing PersistenceUnitInfo [name: default]
2022-07-06 20:05:47.517  INFO 9140 --- [    Test worker] org.hibernate.Version                    : HHH000412: Hibernate ORM core version 5.6.9.Final
2022-07-06 20:05:47.950  INFO 9140 --- [    Test worker] o.hibernate.annotations.common.Version   : HCANN000001: Hibernate Commons Annotations {5.1.2.Final}
2022-07-06 20:05:48.178  INFO 9140 --- [    Test worker] com.zaxxer.hikari.HikariDataSource       : HikariPool-1 - Starting...
2022-07-06 20:05:48.354  INFO 9140 --- [    Test worker] com.zaxxer.hikari.HikariDataSource       : HikariPool-1 - Start completed.
2022-07-06 20:05:48.427  INFO 9140 --- [    Test worker] org.hibernate.dialect.Dialect            : HHH000400: Using dialect: org.hibernate.dialect.H2Dialect
2022-07-06 20:05:49.556 DEBUG 9140 --- [    Test worker] org.hibernate.SQL                        : 
    
    drop table if exists member CASCADE 
2022-07-06 20:05:49.566 DEBUG 9140 --- [    Test worker] org.hibernate.SQL                        : 
    
    drop sequence if exists hibernate_sequence
2022-07-06 20:05:49.571 DEBUG 9140 --- [    Test worker] org.hibernate.SQL                        : create sequence hibernate_sequence start with 1 increment by 1
2022-07-06 20:05:49.572 DEBUG 9140 --- [    Test worker] org.hibernate.SQL                        : 
    
    create table member (
       id bigint not null,
        name varchar(255),
        primary key (id)
    )
2022-07-06 20:05:49.578  INFO 9140 --- [    Test worker] o.h.e.t.j.p.i.JtaPlatformInitiator       : HHH000490: Using JtaPlatform implementation: [org.hibernate.engine.transaction.jta.platform.internal.NoJtaPlatform]
2022-07-06 20:05:49.594  INFO 9140 --- [    Test worker] j.LocalContainerEntityManagerFactoryBean : Initialized JPA EntityManagerFactory for persistence unit 'default'
2022-07-06 20:05:50.037  WARN 9140 --- [    Test worker] JpaBaseConfiguration$JpaWebConfiguration : spring.jpa.open-in-view is enabled by default. Therefore, database queries may be performed during view rendering. Explicitly configure spring.jpa.open-in-view to disable this warning
2022-07-06 20:05:50.501  INFO 9140 --- [    Test worker] o.s.b.a.w.s.WelcomePageHandlerMapping    : Adding welcome page: class path resource [static/index.html]
2022-07-06 20:05:51.114  INFO 9140 --- [    Test worker] jpabook.jpashop.JpashopApplicationTests  : Started JpashopApplicationTests in 6.679 seconds (JVM running for 8.98)
]]></system-out>
  <system-err><![CDATA[]]></system-err>
</testsuite>
